<?xml version="1.0" encoding="UTF-8"?>
<!-- Generated by org.testng.reporters.JUnitXMLReporter -->
<testsuite ignored="0" hostname="Neelam" failures="0" tests="3" name="Test" time="46.281" errors="0" timestamp="2024-06-10T10:34:16 EDT">
  <testcase classname="Tests.SubmitOrderTest" name="submitOrder" time="11.722"/>
  <testcase classname="Tests.SubmitOrderTest" name="submitOrder" time="11.329"/>
  <testcase classname="Tests.SubmitOrderTest" name="orderHistory" time="1.232"/>
</testsuite> <!-- Test -->
