<?xml version="1.0" encoding="UTF-8"?>
<!-- Generated by org.testng.reporters.JUnitXMLReporter -->
<testsuite ignored="0" hostname="Neelam" failures="0" tests="3" name="Test" time="46.547" errors="0" timestamp="2024-06-10T12:05:21 EDT">
  <testcase classname="Tests.SubmitOrderTest" name="submitOrder" time="11.646"/>
  <testcase classname="Tests.SubmitOrderTest" name="submitOrder" time="11.665"/>
  <testcase classname="Tests.SubmitOrderTest" name="orderHistory" time="1.109"/>
</testsuite> <!-- Test -->
